# JRE version: OpenJDK Runtime Environment Temurin-21.0.8+9 (21.0.8+9) (build 21.0.8+9-LTS)
# Java VM: OpenJDK 64-Bit Server VM Temurin-21.0.8+9 (21.0.8+9-LTS, mixed mode, sharing, tiered, compressed oops, compressed class ptrs, parallel gc, windows-amd64)
GC Precious Log:
 CardTable entry size: 512
 CPUs: 12 total, 12 available
 Memory: 15772M
 Large Page Support: Disabled
 NUMA Support: Disabled
 Compressed Oops: Enabled (32-bit)
 Alignments: Space 512K, Generation 512K, Heap 2M
 Heap Min Capacity: 100M
 Heap Initial Capacity: 100M
 Heap Max Capacity: 2G
 Pre-touch: Disabled
 Parallel Workers: 10
Heap:
 PSYoungGen      total 2048K, used 1639K [0x00000000d5580000, 0x00000000d5880000, 0x0000000100000000)
  eden space 1536K, 90% used [0x00000000d5580000,0x00000000d56d9d38,0x00000000d5700000)
  from space 512K, 50% used [0x00000000d5780000,0x00000000d57c0000,0x00000000d5800000)
  to   space 512K, 0% used [0x00000000d5800000,0x00000000d5800000,0x00000000d5880000)
 ParOldGen       total 416256K, used 181055K [0x0000000080000000, 0x0000000099680000, 0x00000000d5580000)
  object space 416256K, 43% used [0x0000000080000000,0x000000008b0cfe08,0x0000000099680000)
 Metaspace       used 59183K, committed 60544K, reserved 1114112K
  class space    used 6216K, committed 6848K, reserved 1048576K
GC Heap History (20 events):
Event: 44.379 GC heap before
{Heap before GC invocations=514 (full 3):
 PSYoungGen      total 2048K, used 1823K [0x00000000d5580000, 0x00000000d5880000, 0x0000000100000000)
  eden space 1536K, 99% used [0x00000000d5580000,0x00000000d56fffb0,0x00000000d5700000)
  from space 512K, 56% used [0x00000000d5800000,0x00000000d5848000,0x00000000d5880000)
  to   space 512K, 0% used [0x00000000d5780000,0x00000000d5780000,0x00000000d5800000)
 ParOldGen       total 416256K, used 180015K [0x0000000080000000, 0x0000000099680000, 0x00000000d5580000)
  object space 416256K, 43% used [0x0000000080000000,0x000000008afcbe08,0x0000000099680000)
 Metaspace       used 59175K, committed 60544K, reserved 1114112K
  class space    used 6216K, committed 6848K, reserved 1048576K
}
Event: 44.380 GC heap after
{Heap after GC invocations=514 (full 3):
 PSYoungGen      total 2048K, used 288K [0x00000000d5580000, 0x00000000d5880000, 0x0000000100000000)
  eden space 1536K, 0% used [0x00000000d5580000,0x00000000d5580000,0x00000000d5700000)
  from space 512K, 56% used [0x00000000d5780000,0x00000000d57c8000,0x00000000d5800000)
  to   space 512K, 0% used [0x00000000d5800000,0x00000000d5800000,0x00000000d5880000)
 ParOldGen       total 416256K, used 180103K [0x0000000080000000, 0x0000000099680000, 0x00000000d5580000)
  object space 416256K, 43% used [0x0000000080000000,0x000000008afe1e08,0x0000000099680000)
 Metaspace       used 59175K, committed 60544K, reserved 1114112K
  class space    used 6216K, committed 6848K, reserved 1048576K
}
Event: 44.437 GC heap before
{Heap before GC invocations=515 (full 3):
 PSYoungGen      total 2048K, used 1824K [0x00000000d5580000, 0x00000000d5880000, 0x0000000100000000)
  eden space 1536K, 100% used [0x00000000d5580000,0x00000000d5700000,0x00000000d5700000)
  from space 512K, 56% used [0x00000000d5780000,0x00000000d57c8000,0x00000000d5800000)
  to   space 512K, 0% used [0x00000000d5800000,0x00000000d5800000,0x00000000d5880000)
 ParOldGen       total 416256K, used 180103K [0x0000000080000000, 0x0000000099680000, 0x00000000d5580000)
  object space 416256K, 43% used [0x0000000080000000,0x000000008afe1e08,0x0000000099680000)
 Metaspace       used 59175K, committed 60544K, reserved 1114112K
  class space    used 6216K, committed 6848K, reserved 1048576K
}
Event: 44.439 GC heap after
{Heap after GC invocations=515 (full 3):
 PSYoungGen      total 2048K, used 288K [0x00000000d5580000, 0x00000000d5880000, 0x0000000100000000)
  eden space 1536K, 0% used [0x00000000d5580000,0x00000000d5580000,0x00000000d5700000)
  from space 512K, 56% used [0x00000000d5800000,0x00000000d5848000,0x00000000d5880000)
  to   space 512K, 0% used [0x00000000d5780000,0x00000000d5780000,0x00000000d5800000)
 ParOldGen       total 416256K, used 180159K [0x0000000080000000, 0x0000000099680000, 0x00000000d5580000)
  object space 416256K, 43% used [0x0000000080000000,0x000000008afefe08,0x0000000099680000)
 Metaspace       used 59175K, committed 60544K, reserved 1114112K
  class space    used 6216K, committed 6848K, reserved 1048576K
}
Event: 44.493 GC heap before
{Heap before GC invocations=516 (full 3):
 PSYoungGen      total 2048K, used 1824K [0x00000000d5580000, 0x00000000d5880000, 0x0000000100000000)
  eden space 1536K, 100% used [0x00000000d5580000,0x00000000d5700000,0x00000000d5700000)
  from space 512K, 56% used [0x00000000d5800000,0x00000000d5848000,0x00000000d5880000)
  to   space 512K, 0% used [0x00000000d5780000,0x00000000d5780000,0x00000000d5800000)
 ParOldGen       total 416256K, used 180159K [0x0000000080000000, 0x0000000099680000, 0x00000000d5580000)
  object space 416256K, 43% used [0x0000000080000000,0x000000008afefe08,0x0000000099680000)
 Metaspace       used 59177K, committed 60544K, reserved 1114112K
  class space    used 6216K, committed 6848K, reserved 1048576K
}
Event: 44.495 GC heap after
{Heap after GC invocations=516 (full 3):
 PSYoungGen      total 2048K, used 288K [0x00000000d5580000, 0x00000000d5880000, 0x0000000100000000)
  eden space 1536K, 0% used [0x00000000d5580000,0x00000000d5580000,0x00000000d5700000)
  from space 512K, 56% used [0x00000000d5780000,0x00000000d57c8000,0x00000000d5800000)
  to   space 512K, 0% used [0x00000000d5800000,0x00000000d5800000,0x00000000d5880000)
 ParOldGen       total 416256K, used 180207K [0x0000000080000000, 0x0000000099680000, 0x00000000d5580000)
  object space 416256K, 43% used [0x0000000080000000,0x000000008affbe08,0x0000000099680000)
 Metaspace       used 59177K, committed 60544K, reserved 1114112K
  class space    used 6216K, committed 6848K, reserved 1048576K
}
Event: 44.517 GC heap before
{Heap before GC invocations=517 (full 3):
 PSYoungGen      total 2048K, used 1824K [0x00000000d5580000, 0x00000000d5880000, 0x0000000100000000)
  eden space 1536K, 100% used [0x00000000d5580000,0x00000000d5700000,0x00000000d5700000)
  from space 512K, 56% used [0x00000000d5780000,0x00000000d57c8000,0x00000000d5800000)
  to   space 512K, 0% used [0x00000000d5800000,0x00000000d5800000,0x00000000d5880000)
 ParOldGen       total 416256K, used 180207K [0x0000000080000000, 0x0000000099680000, 0x00000000d5580000)
  object space 416256K, 43% used [0x0000000080000000,0x000000008affbe08,0x0000000099680000)
 Metaspace       used 59178K, committed 60544K, reserved 1114112K
  class space    used 6216K, committed 6848K, reserved 1048576K
}
Event: 44.519 GC heap after
{Heap after GC invocations=517 (full 3):
 PSYoungGen      total 2048K, used 320K [0x00000000d5580000, 0x00000000d5880000, 0x0000000100000000)
  eden space 1536K, 0% used [0x00000000d5580000,0x00000000d5580000,0x00000000d5700000)
  from space 512K, 62% used [0x00000000d5800000,0x00000000d5850000,0x00000000d5880000)
  to   space 512K, 0% used [0x00000000d5780000,0x00000000d5780000,0x00000000d5800000)
 ParOldGen       total 416256K, used 180303K [0x0000000080000000, 0x0000000099680000, 0x00000000d5580000)
  object space 416256K, 43% used [0x0000000080000000,0x000000008b013e08,0x0000000099680000)
 Metaspace       used 59178K, committed 60544K, reserved 1114112K
  class space    used 6216K, committed 6848K, reserved 1048576K
}
Event: 44.581 GC heap before
{Heap before GC invocations=518 (full 3):
 PSYoungGen      total 2048K, used 1856K [0x00000000d5580000, 0x00000000d5880000, 0x0000000100000000)
  eden space 1536K, 100% used [0x00000000d5580000,0x00000000d5700000,0x00000000d5700000)
  from space 512K, 62% used [0x00000000d5800000,0x00000000d5850000,0x00000000d5880000)
  to   space 512K, 0% used [0x00000000d5780000,0x00000000d5780000,0x00000000d5800000)
 ParOldGen       total 416256K, used 180303K [0x0000000080000000, 0x0000000099680000, 0x00000000d5580000)
  object space 416256K, 43% used [0x0000000080000000,0x000000008b013e08,0x0000000099680000)
 Metaspace       used 59180K, committed 60544K, reserved 1114112K
  class space    used 6216K, committed 6848K, reserved 1048576K
}
Event: 44.583 GC heap after
{Heap after GC invocations=518 (full 3):
 PSYoungGen      total 2048K, used 352K [0x00000000d5580000, 0x00000000d5880000, 0x0000000100000000)
  eden space 1536K, 0% used [0x00000000d5580000,0x00000000d5580000,0x00000000d5700000)
  from space 512K, 68% used [0x00000000d5780000,0x00000000d57d8000,0x00000000d5800000)
  to   space 512K, 0% used [0x00000000d5800000,0x00000000d5800000,0x00000000d5880000)
 ParOldGen       total 416256K, used 180463K [0x0000000080000000, 0x0000000099680000, 0x00000000d5580000)
  object space 416256K, 43% used [0x0000000080000000,0x000000008b03be08,0x0000000099680000)
 Metaspace       used 59180K, committed 60544K, reserved 1114112K
  class space    used 6216K, committed 6848K, reserved 1048576K
}
Event: 44.650 GC heap before
{Heap before GC invocations=519 (full 3):
 PSYoungGen      total 2048K, used 1888K [0x00000000d5580000, 0x00000000d5880000, 0x0000000100000000)
  eden space 1536K, 100% used [0x00000000d5580000,0x00000000d5700000,0x00000000d5700000)
  from space 512K, 68% used [0x00000000d5780000,0x00000000d57d8000,0x00000000d5800000)
  to   space 512K, 0% used [0x00000000d5800000,0x00000000d5800000,0x00000000d5880000)
 ParOldGen       total 416256K, used 180463K [0x0000000080000000, 0x0000000099680000, 0x00000000d5580000)
  object space 416256K, 43% used [0x0000000080000000,0x000000008b03be08,0x0000000099680000)
 Metaspace       used 59180K, committed 60544K, reserved 1114112K
  class space    used 6216K, committed 6848K, reserved 1048576K
}
Event: 44.652 GC heap after
{Heap after GC invocations=519 (full 3):
 PSYoungGen      total 2048K, used 288K [0x00000000d5580000, 0x00000000d5880000, 0x0000000100000000)
  eden space 1536K, 0% used [0x00000000d5580000,0x00000000d5580000,0x00000000d5700000)
  from space 512K, 56% used [0x00000000d5800000,0x00000000d5848000,0x00000000d5880000)
  to   space 512K, 0% used [0x00000000d5780000,0x00000000d5780000,0x00000000d5800000)
 ParOldGen       total 416256K, used 180623K [0x0000000080000000, 0x0000000099680000, 0x00000000d5580000)
  object space 416256K, 43% used [0x0000000080000000,0x000000008b063e08,0x0000000099680000)
 Metaspace       used 59180K, committed 60544K, reserved 1114112K
  class space    used 6216K, committed 6848K, reserved 1048576K
}
Event: 44.710 GC heap before
{Heap before GC invocations=520 (full 3):
 PSYoungGen      total 2048K, used 1824K [0x00000000d5580000, 0x00000000d5880000, 0x0000000100000000)
  eden space 1536K, 100% used [0x00000000d5580000,0x00000000d5700000,0x00000000d5700000)
  from space 512K, 56% used [0x00000000d5800000,0x00000000d5848000,0x00000000d5880000)
  to   space 512K, 0% used [0x00000000d5780000,0x00000000d5780000,0x00000000d5800000)
 ParOldGen       total 416256K, used 180623K [0x0000000080000000, 0x0000000099680000, 0x00000000d5580000)
  object space 416256K, 43% used [0x0000000080000000,0x000000008b063e08,0x0000000099680000)
 Metaspace       used 59180K, committed 60544K, reserved 1114112K
  class space    used 6216K, committed 6848K, reserved 1048576K
}
Event: 44.712 GC heap after
{Heap after GC invocations=520 (full 3):
 PSYoungGen      total 2048K, used 224K [0x00000000d5580000, 0x00000000d5880000, 0x0000000100000000)
  eden space 1536K, 0% used [0x00000000d5580000,0x00000000d5580000,0x00000000d5700000)
  from space 512K, 43% used [0x00000000d5780000,0x00000000d57b8000,0x00000000d5800000)
  to   space 512K, 0% used [0x00000000d5800000,0x00000000d5800000,0x00000000d5880000)
 ParOldGen       total 416256K, used 180679K [0x0000000080000000, 0x0000000099680000, 0x00000000d5580000)
  object space 416256K, 43% used [0x0000000080000000,0x000000008b071e08,0x0000000099680000)
 Metaspace       used 59180K, committed 60544K, reserved 1114112K
  class space    used 6216K, committed 6848K, reserved 1048576K
}
Event: 44.782 GC heap before
{Heap before GC invocations=521 (full 3):
 PSYoungGen      total 2048K, used 1760K [0x00000000d5580000, 0x00000000d5880000, 0x0000000100000000)
  eden space 1536K, 100% used [0x00000000d5580000,0x00000000d5700000,0x00000000d5700000)
  from space 512K, 43% used [0x00000000d5780000,0x00000000d57b8000,0x00000000d5800000)
  to   space 512K, 0% used [0x00000000d5800000,0x00000000d5800000,0x00000000d5880000)
 ParOldGen       total 416256K, used 180679K [0x0000000080000000, 0x0000000099680000, 0x00000000d5580000)
  object space 416256K, 43% used [0x0000000080000000,0x000000008b071e08,0x0000000099680000)
 Metaspace       used 59180K, committed 60544K, reserved 1114112K
  class space    used 6216K, committed 6848K, reserved 1048576K
}
Event: 44.784 GC heap after
{Heap after GC invocations=521 (full 3):
 PSYoungGen      total 2048K, used 288K [0x00000000d5580000, 0x00000000d5880000, 0x0000000100000000)
  eden space 1536K, 0% used [0x00000000d5580000,0x00000000d5580000,0x00000000d5700000)
  from space 512K, 56% used [0x00000000d5800000,0x00000000d5848000,0x00000000d5880000)
  to   space 512K, 0% used [0x00000000d5780000,0x00000000d5780000,0x00000000d5800000)
 ParOldGen       total 416256K, used 180815K [0x0000000080000000, 0x0000000099680000, 0x00000000d5580000)
  object space 416256K, 43% used [0x0000000080000000,0x000000008b093e08,0x0000000099680000)
 Metaspace       used 59180K, committed 60544K, reserved 1114112K
  class space    used 6216K, committed 6848K, reserved 1048576K
}
Event: 44.835 GC heap before
{Heap before GC invocations=522 (full 3):
 PSYoungGen      total 2048K, used 1824K [0x00000000d5580000, 0x00000000d5880000, 0x0000000100000000)
  eden space 1536K, 100% used [0x00000000d5580000,0x00000000d5700000,0x00000000d5700000)
  from space 512K, 56% used [0x00000000d5800000,0x00000000d5848000,0x00000000d5880000)
  to   space 512K, 0% used [0x00000000d5780000,0x00000000d5780000,0x00000000d5800000)
 ParOldGen       total 416256K, used 180815K [0x0000000080000000, 0x0000000099680000, 0x00000000d5580000)
  object space 416256K, 43% used [0x0000000080000000,0x000000008b093e08,0x0000000099680000)
 Metaspace       used 59180K, committed 60544K, reserved 1114112K
  class space    used 6216K, committed 6848K, reserved 1048576K
}
Event: 44.836 GC heap after
{Heap after GC invocations=522 (full 3):
 PSYoungGen      total 2048K, used 256K [0x00000000d5580000, 0x00000000d5880000, 0x0000000100000000)
  eden space 1536K, 0% used [0x00000000d5580000,0x00000000d5580000,0x00000000d5700000)
  from space 512K, 50% used [0x00000000d5780000,0x00000000d57c0000,0x00000000d5800000)
  to   space 512K, 0% used [0x00000000d5800000,0x00000000d5800000,0x00000000d5880000)
 ParOldGen       total 416256K, used 180895K [0x0000000080000000, 0x0000000099680000, 0x00000000d5580000)
  object space 416256K, 43% used [0x0000000080000000,0x000000008b0a7e08,0x0000000099680000)
 Metaspace       used 59180K, committed 60544K, reserved 1114112K
  class space    used 6216K, committed 6848K, reserved 1048576K
}
Event: 44.899 GC heap before
{Heap before GC invocations=523 (full 3):
 PSYoungGen      total 2048K, used 1792K [0x00000000d5580000, 0x00000000d5880000, 0x0000000100000000)
  eden space 1536K, 100% used [0x00000000d5580000,0x00000000d5700000,0x00000000d5700000)
  from space 512K, 50% used [0x00000000d5780000,0x00000000d57c0000,0x00000000d5800000)
  to   space 512K, 0% used [0x00000000d5800000,0x00000000d5800000,0x00000000d5880000)
 ParOldGen       total 416256K, used 180895K [0x0000000080000000, 0x0000000099680000, 0x00000000d5580000)
  object space 416256K, 43% used [0x0000000080000000,0x000000008b0a7e08,0x0000000099680000)
 Metaspace       used 59183K, committed 60544K, reserved 1114112K
  class space    used 6216K, committed 6848K, reserved 1048576K
}
Event: 44.901 GC heap after
{Heap after GC invocations=523 (full 3):
 PSYoungGen      total 2048K, used 288K [0x00000000d5580000, 0x00000000d5880000, 0x0000000100000000)
  eden space 1536K, 0% used [0x00000000d5580000,0x00000000d5580000,0x00000000d5700000)
  from space 512K, 56% used [0x00000000d5800000,0x00000000d5848000,0x00000000d5880000)
  to   space 512K, 0% used [0x00000000d5780000,0x00000000d5780000,0x00000000d5800000)
 ParOldGen       total 416256K, used 180983K [0x0000000080000000, 0x0000000099680000, 0x00000000d5580000)
  object space 416256K, 43% used [0x0000000080000000,0x000000008b0bde08,0x0000000099680000)
 Metaspace       used 59183K, committed 60544K, reserved 1114112K
  class space    used 6216K, committed 6848K, reserved 1048576K
}

